Build started 12/15/2015 6:29:52 AM.
     1>Project "C:\Users\Josh\documents\visual studio 2013\Projects\Project Vape\Project Vape\Project Vape.vcxproj" on node 2 (Rebuild target(s)).
     1>ClCompile:
         C:\Program Files (x86)\Microsoft Visual Studio 12.0\VC\bin\CL.exe /c /Zi /nologo /W3 /WX- /sdl /O2 /Oi /Oy- /GL /D WIN32 /D NDEBUG /D _CONSOLE /D _LIB /D _MBCS /Gm- /EHsc /MD /GS /Gy /fp:precise /Zc:wchar_t /Zc:forScope /Fo"Release\\" /Fd"Release\vc120.pdb" /Gd /TP /analyze- /errorReport:prompt ..\..\..\..\..\Desktop\Headers\WindowProcess\WindowProcess.cpp Main.cpp
         WindowProcess.cpp
         Main.cpp
     1>Main.cpp(94): warning C4244: 'initializing' : conversion from 'int' to 'float', possible loss of data
     1>Main.cpp(95): warning C4244: 'initializing' : conversion from 'int' to 'float', possible loss of data
     1>Main.cpp(97): warning C4244: '+=' : conversion from 'double' to 'float', possible loss of data
     1>Main.cpp(98): warning C4244: '-=' : conversion from 'double' to 'float', possible loss of data
     1>Main.cpp(156): warning C4244: 'initializing' : conversion from 'float' to 'int', possible loss of data
     1>Main.cpp(157): warning C4244: 'initializing' : conversion from 'float' to 'int', possible loss of data
     1>Main.cpp(160): warning C4244: 'argument' : conversion from 'float' to 'int', possible loss of data
     1>Main.cpp(161): warning C4244: 'argument' : conversion from 'float' to 'int', possible loss of data
     1>Main.cpp(167): warning C4244: 'argument' : conversion from 'float' to 'int', possible loss of data
     1>Main.cpp(177): warning C4244: 'argument' : conversion from 'float' to 'int', possible loss of data
     1>Main.cpp(179): warning C4244: 'argument' : conversion from 'float' to 'int', possible loss of data
       Link:
         C:\Program Files (x86)\Microsoft Visual Studio 12.0\VC\bin\link.exe /ERRORREPORT:PROMPT /OUT:"C:\Users\Josh\documents\visual studio 2013\Projects\Project Vape\Release\Project Vape.exe" /INCREMENTAL:NO /NOLOGO kernel32.lib user32.lib gdi32.lib winspool.lib comdlg32.lib advapi32.lib shell32.lib ole32.lib oleaut32.lib uuid.lib odbc32.lib odbccp32.lib /MANIFEST /MANIFESTUAC:"level='asInvoker' uiAccess='false'" /manifest:embed /DEBUG /PDB:"C:\Users\Josh\documents\visual studio 2013\Projects\Project Vape\Release\Project Vape.pdb" /SUBSYSTEM:CONSOLE /OPT:REF /OPT:ICF /LTCG /TLBID:1 /DYNAMICBASE /NXCOMPAT /IMPLIB:"C:\Users\Josh\documents\visual studio 2013\Projects\Project Vape\Release\Project Vape.lib" /MACHINE:X86 /SAFESEH Release\WindowProcess.obj
         Release\Main.obj
         Generating code
         Finished generating code
         Project Vape.vcxproj -> C:\Users\Josh\documents\visual studio 2013\Projects\Project Vape\Release\Project Vape.exe
     1>Done Building Project "C:\Users\Josh\documents\visual studio 2013\Projects\Project Vape\Project Vape\Project Vape.vcxproj" (Rebuild target(s)).

Build succeeded.

Time Elapsed 00:00:01.27
